Determining if the pthread_create exist failed with the following output:
Change Dir: /home/sarthak/Documents/CarShape_36/synthia/build/CMakeFiles/CMakeTmp

Run Build Command:/usr/bin/make "cmTryCompileExec2680916487/fast"
/usr/bin/make -f CMakeFiles/cmTryCompileExec2680916487.dir/build.make CMakeFiles/cmTryCompileExec2680916487.dir/build
make[1]: Entering directory `/home/sarthak/Documents/CarShape_36/synthia/build/CMakeFiles/CMakeTmp'
/usr/bin/cmake -E cmake_progress_report /home/sarthak/Documents/CarShape_36/synthia/build/CMakeFiles/CMakeTmp/CMakeFiles 1
Building C object CMakeFiles/cmTryCompileExec2680916487.dir/CheckSymbolExists.c.o
/usr/bin/cc    -o CMakeFiles/cmTryCompileExec2680916487.dir/CheckSymbolExists.c.o   -c /home/sarthak/Documents/CarShape_36/synthia/build/CMakeFiles/CMakeTmp/CheckSymbolExists.c
Linking C executable cmTryCompileExec2680916487
/usr/bin/cmake -E cmake_link_script CMakeFiles/cmTryCompileExec2680916487.dir/link.txt --verbose=1
/usr/bin/cc       CMakeFiles/cmTryCompileExec2680916487.dir/CheckSymbolExists.c.o  -o cmTryCompileExec2680916487 -rdynamic 
CMakeFiles/cmTryCompileExec2680916487.dir/CheckSymbolExists.c.o: In function `main':
CheckSymbolExists.c:(.text+0x16): undefined reference to `pthread_create'
collect2: error: ld returned 1 exit status
make[1]: *** [cmTryCompileExec2680916487] Error 1
make[1]: Leaving directory `/home/sarthak/Documents/CarShape_36/synthia/build/CMakeFiles/CMakeTmp'
make: *** [cmTryCompileExec2680916487/fast] Error 2

File /home/sarthak/Documents/CarShape_36/synthia/build/CMakeFiles/CMakeTmp/CheckSymbolExists.c:
/* */
#include <pthread.h>

int main(int argc, char** argv)
{
  (void)argv;
#ifndef pthread_create
  return ((int*)(&pthread_create))[argc];
#else
  (void)argc;
  return 0;
#endif
}

Determining if the function pthread_create exists in the pthreads failed with the following output:
Change Dir: /home/sarthak/Documents/CarShape_36/synthia/build/CMakeFiles/CMakeTmp

Run Build Command:/usr/bin/make "cmTryCompileExec2581709627/fast"
/usr/bin/make -f CMakeFiles/cmTryCompileExec2581709627.dir/build.make CMakeFiles/cmTryCompileExec2581709627.dir/build
make[1]: Entering directory `/home/sarthak/Documents/CarShape_36/synthia/build/CMakeFiles/CMakeTmp'
/usr/bin/cmake -E cmake_progress_report /home/sarthak/Documents/CarShape_36/synthia/build/CMakeFiles/CMakeTmp/CMakeFiles 1
Building C object CMakeFiles/cmTryCompileExec2581709627.dir/CheckFunctionExists.c.o
/usr/bin/cc   -DCHECK_FUNCTION_EXISTS=pthread_create   -o CMakeFiles/cmTryCompileExec2581709627.dir/CheckFunctionExists.c.o   -c /usr/share/cmake-2.8/Modules/CheckFunctionExists.c
Linking C executable cmTryCompileExec2581709627
/usr/bin/cmake -E cmake_link_script CMakeFiles/cmTryCompileExec2581709627.dir/link.txt --verbose=1
/usr/bin/cc   -DCHECK_FUNCTION_EXISTS=pthread_create    CMakeFiles/cmTryCompileExec2581709627.dir/CheckFunctionExists.c.o  -o cmTryCompileExec2581709627 -rdynamic -lpthreads 
/usr/bin/ld: cannot find -lpthreads
collect2: error: ld returned 1 exit status
make[1]: *** [cmTryCompileExec2581709627] Error 1
make[1]: Leaving directory `/home/sarthak/Documents/CarShape_36/synthia/build/CMakeFiles/CMakeTmp'
make: *** [cmTryCompileExec2581709627/fast] Error 2


